<?xml version="1.0" encoding="UTF-8"?>
<robot generator="Robot 7.4.1 (Python 3.11.9 on win32)" generated="2026-01-31T16:54:55.793866" rpa="false" schemaversion="5">
<suite id="s1" name="ServeRest" source="C:\Users\downl\Desktop\Pasta do QA\Projetos Robot\ServeRest">
<suite id="s1-s1" name="TestCase" source="C:\Users\downl\Desktop\Pasta do QA\Projetos Robot\ServeRest\TestCase">
<suite id="s1-s1-s1" name="ServeRest" source="C:\Users\downl\Desktop\Pasta do QA\Projetos Robot\ServeRest\TestCase\ServeRest.robot">
<test id="s1-s1-s1-t1" name="Cenário 09: Excluir produtos no ServeRest" line="100">
<kw name="Dado que esteja no Portal &quot;ServeRest&quot;" owner="ServeRest">
<kw name="Open Browser" owner="SeleniumLibrary">
<msg time="2026-01-31T16:54:57.574633" level="INFO">Opening browser 'chrome' to base url 'https://front.serverest.dev/login'.</msg>
<arg>${TELA_SERVEREST}</arg>
<arg>chrome</arg>
<doc>Opens a new browser instance to the optional ``url``.</doc>
<status status="PASS" start="2026-01-31T16:54:57.573667" elapsed="3.256659"/>
</kw>
<kw name="Maximize Browser Window" owner="SeleniumLibrary">
<doc>Maximizes current browser window.</doc>
<status status="PASS" start="2026-01-31T16:55:00.831325" elapsed="0.253295"/>
</kw>
<status status="PASS" start="2026-01-31T16:54:57.569606" elapsed="3.515519"/>
</kw>
<kw name="E Inserir no campo &quot;Email&quot; o valor &quot;gustavomarinhoo@qa.com.br&quot;" owner="ServeRest" source_name="E Inserir no campo &quot;${CAMPO}&quot; o valor &quot;${VALOR}&quot;">
<kw name="Gera Frase Em String" owner="RPA_Utils">
<msg time="2026-01-31T16:55:01.090334" level="INFO">${CAMPO} = EMAIL</msg>
<var>${CAMPO}</var>
<arg>${CAMPO}</arg>
<status status="PASS" start="2026-01-31T16:55:01.089333" elapsed="0.001001"/>
</kw>
<kw name="Wait Until Element Is Visible" owner="SeleniumLibrary">
<arg>${CAMPO_${CAMPO}}</arg>
<arg>${TIMEOUT}</arg>
<doc>Waits until the element ``locator`` is visible.</doc>
<status status="PASS" start="2026-01-31T16:55:01.091323" elapsed="0.050982"/>
</kw>
<kw name="Wait Until Element Is Enabled" owner="SeleniumLibrary">
<arg>${CAMPO_${CAMPO}}</arg>
<doc>Waits until the element ``locator`` is enabled.</doc>
<status status="PASS" start="2026-01-31T16:55:01.143316" elapsed="0.022543"/>
</kw>
<kw name="Input Text" owner="SeleniumLibrary">
<msg time="2026-01-31T16:55:01.166806" level="INFO">Typing text 'gustavomarinhoo@qa.com.br' into text field '//input[@id='email']'.</msg>
<arg>${CAMPO_${CAMPO}}</arg>
<arg>${VALOR}</arg>
<doc>Types the given ``text`` into the text field identified by ``locator``.</doc>
<status status="PASS" start="2026-01-31T16:55:01.165859" elapsed="0.096145"/>
</kw>
<status status="PASS" start="2026-01-31T16:55:01.085947" elapsed="0.176057"/>
</kw>
<kw name="E Inserir no campo &quot;Senha&quot; o valor &quot;teste&quot;" owner="ServeRest" source_name="E Inserir no campo &quot;${CAMPO}&quot; o valor &quot;${VALOR}&quot;">
<kw name="Gera Frase Em String" owner="RPA_Utils">
<msg time="2026-01-31T16:55:01.264762" level="INFO">${CAMPO} = SENHA</msg>
<var>${CAMPO}</var>
<arg>${CAMPO}</arg>
<status status="PASS" start="2026-01-31T16:55:01.263759" elapsed="0.001003"/>
</kw>
<kw name="Wait Until Element Is Visible" owner="SeleniumLibrary">
<arg>${CAMPO_${CAMPO}}</arg>
<arg>${TIMEOUT}</arg>
<doc>Waits until the element ``locator`` is visible.</doc>
<status status="PASS" start="2026-01-31T16:55:01.264762" elapsed="0.026753"/>
</kw>
<kw name="Wait Until Element Is Enabled" owner="SeleniumLibrary">
<arg>${CAMPO_${CAMPO}}</arg>
<doc>Waits until the element ``locator`` is enabled.</doc>
<status status="PASS" start="2026-01-31T16:55:01.292908" elapsed="0.041547"/>
</kw>
<kw name="Input Text" owner="SeleniumLibrary">
<msg time="2026-01-31T16:55:01.335450" level="INFO">Typing text 'teste' into text field '//input[@id='password']'.</msg>
<arg>${CAMPO_${CAMPO}}</arg>
<arg>${VALOR}</arg>
<doc>Types the given ``text`` into the text field identified by ``locator``.</doc>
<status status="PASS" start="2026-01-31T16:55:01.334455" elapsed="0.092140"/>
</kw>
<status status="PASS" start="2026-01-31T16:55:01.263759" elapsed="0.163473"/>
</kw>
<kw name="E Clicar no botão &quot;Entrar&quot;" owner="ServeRest" source_name="E Clicar no botão &quot;${NOME_BOTAO}&quot;">
<kw name="Gera Frase Em String" owner="RPA_Utils">
<msg time="2026-01-31T16:55:01.431632" level="INFO">${NOME_BOTAO} = ENTRAR</msg>
<var>${NOME_BOTAO}</var>
<arg>${NOME_BOTAO}</arg>
<status status="PASS" start="2026-01-31T16:55:01.430636" elapsed="0.002010"/>
</kw>
<kw name="Wait Until Element Is Visible" owner="SeleniumLibrary">
<arg>${BOTAO_${NOME_BOTAO}}</arg>
<arg>${TIMEOUT}</arg>
<doc>Waits until the element ``locator`` is visible.</doc>
<status status="PASS" start="2026-01-31T16:55:01.433631" elapsed="0.020473"/>
</kw>
<kw name="Click Element" owner="SeleniumLibrary">
<msg time="2026-01-31T16:55:01.456090" level="INFO">Clicking element '//button[normalize-space()='Entrar']'.</msg>
<arg>${BOTAO_${NOME_BOTAO}}</arg>
<doc>Click the element identified by ``locator``.</doc>
<status status="PASS" start="2026-01-31T16:55:01.454600" elapsed="0.056643"/>
</kw>
<status status="PASS" start="2026-01-31T16:55:01.429617" elapsed="0.082543"/>
</kw>
<kw name="E Clicar no botão &quot;Listar Produtos&quot;" owner="ServeRest" source_name="E Clicar no botão &quot;${NOME_BOTAO}&quot;">
<kw name="Gera Frase Em String" owner="RPA_Utils">
<msg time="2026-01-31T16:55:01.516907" level="INFO">${NOME_BOTAO} = LISTAR_PRODUTOS</msg>
<var>${NOME_BOTAO}</var>
<arg>${NOME_BOTAO}</arg>
<status status="PASS" start="2026-01-31T16:55:01.515901" elapsed="0.002015"/>
</kw>
<kw name="Wait Until Element Is Visible" owner="SeleniumLibrary">
<arg>${BOTAO_${NOME_BOTAO}}</arg>
<arg>${TIMEOUT}</arg>
<doc>Waits until the element ``locator`` is visible.</doc>
<status status="PASS" start="2026-01-31T16:55:01.517916" elapsed="0.854372"/>
</kw>
<kw name="Click Element" owner="SeleniumLibrary">
<msg time="2026-01-31T16:55:02.372288" level="INFO">Clicking element '//a[@data-testid='listarProdutos']'.</msg>
<arg>${BOTAO_${NOME_BOTAO}}</arg>
<doc>Click the element identified by ``locator``.</doc>
<status status="PASS" start="2026-01-31T16:55:02.372288" elapsed="0.129213"/>
</kw>
<status status="PASS" start="2026-01-31T16:55:01.515401" elapsed="0.986100"/>
</kw>
<kw name="E Clicar no botão &quot;Excluir Produto&quot;" owner="ServeRest" source_name="E Clicar no botão &quot;${NOME_BOTAO}&quot;">
<kw name="Gera Frase Em String" owner="RPA_Utils">
<msg time="2026-01-31T16:55:02.504368" level="INFO">${NOME_BOTAO} = EXCLUIR_PRODUTO</msg>
<var>${NOME_BOTAO}</var>
<arg>${NOME_BOTAO}</arg>
<status status="PASS" start="2026-01-31T16:55:02.503316" elapsed="0.001614"/>
</kw>
<kw name="Wait Until Element Is Visible" owner="SeleniumLibrary">
<arg>${BOTAO_${NOME_BOTAO}}</arg>
<arg>${TIMEOUT}</arg>
<doc>Waits until the element ``locator`` is visible.</doc>
<status status="PASS" start="2026-01-31T16:55:02.505684" elapsed="0.237001"/>
</kw>
<kw name="Click Element" owner="SeleniumLibrary">
<msg time="2026-01-31T16:55:02.743684" level="INFO">Clicking element '//tbody/tr[1]/td[6]/div[1]/button[2]'.</msg>
<arg>${BOTAO_${NOME_BOTAO}}</arg>
<doc>Click the element identified by ``locator``.</doc>
<status status="PASS" start="2026-01-31T16:55:02.742685" elapsed="0.115855"/>
</kw>
<status status="PASS" start="2026-01-31T16:55:02.502576" elapsed="0.355964"/>
</kw>
<kw name="Printar tela" owner="ServeRest">
<kw name="Sleep" owner="BuiltIn">
<msg time="2026-01-31T16:55:05.861176" level="INFO">Slept 3 seconds.</msg>
<arg>3s</arg>
<doc>Pauses the test executed for the given time.</doc>
<status status="PASS" start="2026-01-31T16:55:02.860532" elapsed="3.001295"/>
</kw>
<kw name="Capture Page Screenshot" owner="SeleniumLibrary">
<msg time="2026-01-31T16:55:05.955139" level="INFO" html="true">&lt;/td&gt;&lt;/tr&gt;&lt;tr&gt;&lt;td colspan="3"&gt;&lt;a href="selenium-screenshot-31.png"&gt;&lt;img src="selenium-screenshot-31.png" width="800px"&gt;&lt;/a&gt;</msg>
<doc>Takes a screenshot of the current page and embeds it into a log file.</doc>
<status status="PASS" start="2026-01-31T16:55:05.862860" elapsed="0.093377"/>
</kw>
<status status="PASS" start="2026-01-31T16:55:02.859537" elapsed="3.096700"/>
</kw>
<kw name="Sleep" owner="BuiltIn">
<msg time="2026-01-31T16:55:10.959804" level="INFO">Slept 5 seconds.</msg>
<arg>5s</arg>
<doc>Pauses the test executed for the given time.</doc>
<status status="PASS" start="2026-01-31T16:55:05.957598" elapsed="5.003203"/>
</kw>
<kw name="Close Browser" owner="SeleniumLibrary" type="TEARDOWN">
<doc>Closes the current browser.</doc>
<status status="PASS" start="2026-01-31T16:55:10.961605" elapsed="2.363439"/>
</kw>
<status status="PASS" start="2026-01-31T16:54:57.560969" elapsed="15.765326"/>
</test>
<status status="PASS" start="2026-01-31T16:54:55.872802" elapsed="17.462771"/>
</suite>
<status status="PASS" start="2026-01-31T16:54:55.860667" elapsed="17.484936"/>
</suite>
<status status="PASS" start="2026-01-31T16:54:55.804891" elapsed="17.550679"/>
</suite>
<statistics>
<total>
<stat pass="1" fail="0" skip="0">All Tests</stat>
</total>
<tag>
</tag>
<suite>
<stat name="ServeRest" id="s1" pass="1" fail="0" skip="0">ServeRest</stat>
<stat name="TestCase" id="s1-s1" pass="1" fail="0" skip="0">ServeRest.TestCase</stat>
<stat name="ServeRest" id="s1-s1-s1" pass="1" fail="0" skip="0">ServeRest.TestCase.ServeRest</stat>
</suite>
</statistics>
<errors>
<msg time="2026-01-31T16:54:56.154668" level="ERROR">Error in file 'C:\Users\downl\Desktop\Pasta do QA\Projetos Robot\ServeRest\Utils\Utils.robot' on line 7: Importing library 'DatabaseLibrary' failed: ModuleNotFoundError: No module named 'DatabaseLibrary'
Traceback (most recent call last):
  None
PYTHONPATH:
  C:\Users\downl\Desktop\Pasta do QA\Projetos Robot\ServeRest\lib
  C:\Users\downl\Desktop\Pasta do QA\Projetos Robot\ServeRest\resources
  c:\Users\downl\.vscode\extensions\d-biehl.robotcode-2.2.0\bundled\libs
  c:\Users\downl\.vscode\extensions\d-biehl.robotcode-2.2.0\bundled\tool\robotcode
  C:\Users\downl\AppData\Local\Programs\Python\Python311\python311.zip
  C:\Users\downl\AppData\Local\Programs\Python\Python311\DLLs
  C:\Users\downl\AppData\Local\Programs\Python\Python311\Lib
  C:\Users\downl\AppData\Local\Programs\Python\Python311
  C:\Users\downl\AppData\Local\Programs\Python\Python311\Lib\site-packages
  C:\Users\downl\AppData\Local\Programs\Python\Python311\Lib\site-packages\win32
  C:\Users\downl\AppData\Local\Programs\Python\Python311\Lib\site-packages\win32\lib
  C:\Users\downl\AppData\Local\Programs\Python\Python311\Lib\site-packages\Pythonwin</msg>
<msg time="2026-01-31T16:54:57.550512" level="WARN">Error in file 'C:\Users\downl\Desktop\Pasta do QA\Projetos Robot\ServeRest\Resource\ServeRest.robot' on line 95: The '[Return]' setting is deprecated. Use the 'RETURN' statement instead.</msg>
</errors>
</robot>
